<?xml version="1.0" encoding="UTF-8"?>
<testng-results ignored="0" total="1" passed="1" failed="0" skipped="0">
  <reporter-output>
  </reporter-output>
  <suite started-at="2020-05-25T07:39:54 IST" name="Surefire suite" finished-at="2020-05-25T07:39:54 IST" duration-ms="60">
    <groups>
    </groups>
    <test started-at="2020-05-25T07:39:54 IST" name="Surefire test" finished-at="2020-05-25T07:39:54 IST" duration-ms="60">
      <class name="com.mycompany.app.AppTest">
        <test-method signature="testApp()" started-at="2020-05-25T07:39:54 IST" name="testApp" finished-at="2020-05-25T07:39:54 IST" duration-ms="14" status="PASS">
          <reporter-output>
          </reporter-output>
        </test-method> <!-- testApp -->
      </class> <!-- com.mycompany.app.AppTest -->
    </test> <!-- Surefire test -->
  </suite> <!-- Surefire suite -->
</testng-results>
