<?xml version="1.0" encoding="UTF-8"?>
<!-- Generated by org.testng.reporters.JUnitXMLReporter -->
<testsuite hostname="DESKTOP-SN7B2MS" ignored="1" name="Default test" tests="1" failures="0" timestamp="2020-05-24T08:28:39 IST" time="0.116" errors="0">
  <testcase name="elementui" time="0.017" classname="com.mycompany.app.SeleniumTest"/>
  <testcase name="browserautomation" time="0.0" classname="com.mycompany.app.SeleniumTest">
    <ignored/>
  </testcase> <!-- browserautomation -->
</testsuite> <!-- Default test -->
