<?xml version="1.0" encoding="UTF-8"?>
<testng-results ignored="0" total="4" passed="4" failed="0" skipped="0">
  <reporter-output>
  </reporter-output>
  <suite started-at="2020-05-25T07:39:54 IST" name="Surefire suite" finished-at="2020-05-25T07:39:54 IST" duration-ms="38">
    <groups>
    </groups>
    <test started-at="2020-05-25T07:39:54 IST" name="Surefire test" finished-at="2020-05-25T07:39:54 IST" duration-ms="38">
      <class name="com.mycompany.app.SeleniumTest">
        <test-method signature="browserautomation()[pri:0, instance:com.mycompany.app.SeleniumTest@120d6fe6]" started-at="2020-05-25T07:39:54 IST" name="browserautomation" finished-at="2020-05-25T07:39:54 IST" duration-ms="0" status="PASS">
          <reporter-output>
          </reporter-output>
        </test-method> <!-- browserautomation -->
        <test-method signature="login()[pri:0, instance:com.mycompany.app.SeleniumTest@120d6fe6]" started-at="2020-05-25T07:39:54 IST" name="login" finished-at="2020-05-25T07:39:54 IST" duration-ms="0" status="PASS">
          <reporter-output>
          </reporter-output>
        </test-method> <!-- login -->
      </class> <!-- com.mycompany.app.SeleniumTest -->
      <class name="com.mycompany.app.AppiumTest">
        <test-method signature="AppiumBrowserAutomation()[pri:0, instance:com.mycompany.app.AppiumTest@1176dcec]" started-at="2020-05-25T07:39:54 IST" name="AppiumBrowserAutomation" finished-at="2020-05-25T07:39:54 IST" duration-ms="4" status="PASS">
          <reporter-output>
          </reporter-output>
        </test-method> <!-- AppiumBrowserAutomation -->
        <test-method signature="AppiumUiElement()[pri:0, instance:com.mycompany.app.AppiumTest@1176dcec]" started-at="2020-05-25T07:39:54 IST" name="AppiumUiElement" finished-at="2020-05-25T07:39:54 IST" duration-ms="0" status="PASS">
          <reporter-output>
          </reporter-output>
        </test-method> <!-- AppiumUiElement -->
      </class> <!-- com.mycompany.app.AppiumTest -->
    </test> <!-- Surefire test -->
  </suite> <!-- Surefire suite -->
</testng-results>
