<?xml version="1.0" encoding="UTF-8"?>
<!-- Generated by org.testng.reporters.JUnitXMLReporter -->
<testsuite ignored="0" hostname="DESKTOP-SN7B2MS" failures="0" tests="4" name="Test" time="0.037" errors="0" timestamp="2020-05-25T08:36:18 IST">
  <testcase classname="com.mycompany.app.ApiTest" name="ApiTestBrowserautomation" time="0.004"/>
  <testcase classname="com.mycompany.app.ApiTest" name="ApiUiElement" time="0.0"/>
  <testcase classname="com.mycompany.app.SeleniumTest" name="browserautomation" time="0.0"/>
  <testcase classname="com.mycompany.app.SeleniumTest" name="login" time="0.0"/>
</testsuite> <!-- Test -->
