<?xml version="1.0" encoding="UTF-8"?>
<testng-results ignored="0" total="4" passed="4" failed="0" skipped="0">
  <reporter-output>
  </reporter-output>
  <suite started-at="2020-05-25T08:36:18 IST" name="Suite" finished-at="2020-05-25T08:36:18 IST" duration-ms="37">
    <groups>
    </groups>
    <test started-at="2020-05-25T08:36:18 IST" name="Test" finished-at="2020-05-25T08:36:18 IST" duration-ms="37">
      <class name="com.mycompany.app.ApiTest">
        <test-method signature="ApiTestBrowserautomation()[pri:0, instance:com.mycompany.app.ApiTest@3ee0fea4]" started-at="2020-05-25T08:36:18 IST" name="ApiTestBrowserautomation" finished-at="2020-05-25T08:36:18 IST" duration-ms="4" status="PASS">
          <reporter-output>
          </reporter-output>
        </test-method> <!-- ApiTestBrowserautomation -->
        <test-method signature="ApiUiElement()[pri:0, instance:com.mycompany.app.ApiTest@3ee0fea4]" started-at="2020-05-25T08:36:18 IST" name="ApiUiElement" finished-at="2020-05-25T08:36:18 IST" duration-ms="0" status="PASS">
          <reporter-output>
          </reporter-output>
        </test-method> <!-- ApiUiElement -->
      </class> <!-- com.mycompany.app.ApiTest -->
      <class name="com.mycompany.app.SeleniumTest">
        <test-method signature="login()[pri:0, instance:com.mycompany.app.SeleniumTest@48524010]" started-at="2020-05-25T08:36:18 IST" name="login" finished-at="2020-05-25T08:36:18 IST" duration-ms="0" status="PASS">
          <reporter-output>
          </reporter-output>
        </test-method> <!-- login -->
        <test-method signature="browserautomation()[pri:0, instance:com.mycompany.app.SeleniumTest@48524010]" started-at="2020-05-25T08:36:18 IST" name="browserautomation" finished-at="2020-05-25T08:36:18 IST" duration-ms="0" status="PASS">
          <reporter-output>
          </reporter-output>
        </test-method> <!-- browserautomation -->
      </class> <!-- com.mycompany.app.SeleniumTest -->
    </test> <!-- Test -->
  </suite> <!-- Suite -->
</testng-results>
