<?xml version="1.0" encoding="UTF-8"?>
<testng-results skipped="0" failed="0" ignored="1" total="2" passed="1">
  <reporter-output>
  </reporter-output>
  <suite name="Default suite" duration-ms="86" started-at="2020-05-24T08:28:36 IST" finished-at="2020-05-24T08:28:36 IST">
    <groups>
    </groups>
    <test name="Default test" duration-ms="86" started-at="2020-05-24T08:28:36 IST" finished-at="2020-05-24T08:28:36 IST">
      <class name="com.mycompany.app.SeleniumTest">
        <test-method status="PASS" signature="elementui()[pri:0, instance:com.mycompany.app.SeleniumTest@4d41cee]" name="elementui" duration-ms="12" started-at="2020-05-24T08:28:36 IST" finished-at="2020-05-24T08:28:36 IST">
          <reporter-output>
          </reporter-output>
        </test-method> <!-- elementui -->
      </class> <!-- com.mycompany.app.SeleniumTest -->
    </test> <!-- Default test -->
  </suite> <!-- Default suite -->
</testng-results>
